<?xml version="1.0" encoding="UTF-8"?>
<!--
  ~ Copyright [2009] [Gerald de Jong]
  ~
  ~ Licensed under the Apache License, Version 2.0 (the "License");
  ~ you may not use this file except in compliance with the License.
  ~ You may obtain a copy of the License at
  ~
  ~        http://www.apache.org/licenses/LICENSE-2.0
  ~
  ~ Unless required by applicable law or agreed to in writing, software
  ~ distributed under the License is distributed on an "AS IS" BASIS,
  ~ WITHOUT WARRANTIES OR CONDITIONS OF ANY KIND, either express or implied.
  ~ See the License for the specific language governing permissions and
  ~ limitations under the License.
  -->

<schema>
    <attributes>
        <attribute name="aggregate" dataType="AGGREGATE" required="true">
            <description>this is a required group of sub-attributes</description>
            <attribute name="rangecheck" dataType="INTEGER" required="true">
                <description>Checking to see that an integer range check works</description>
                <field>
                    <integer minimumValue="10" maximumValue="20"/>
                </field>
            </attribute>
            <attribute name="lengthcheck" dataType="STRING" required="false">
                <description>Checking for length ten</description>
                <field>
                    <string maximumLength="10"/>
                </field>
            </attribute>
        </attribute>
        <attribute name="multiaggregate" dataType="AGGREGATE" required="false" multiple="true">
            <description>this is a non-required multiple group of sub-attributes</description>
            <attribute name="name" dataType="STRING" required="true">
                <description>Checking for length ten</description>
                <field>
                    <string maximumLength="100"/>
                </field>
            </attribute>
            <attribute name="age" dataType="INTEGER" required="true">
                <description>reasonable age</description>
                <field>
                    <integer maximumValue="110" minimumValue="18"/>
                </field>
            </attribute>
        </attribute>
        <attribute name="enumeration" dataType="STRING" required="false">
            <description>A choice of some numbers</description>
            <field>
                <choice>
                    <option>ONE</option>
                    <option>TWO</option>
                    <option>THREE</option>
                    <option>FOUR</option>
                </choice>
            </field>
        </attribute>
        <attribute name="regex" dataType="STRING" required="true">
            <description>Something that looks like 9999-99</description>
            <field>
                <string regularExpression="\d{4}-\d{2}" maximumLength="7"/>
            </field>
        </attribute>
    </attributes>
</schema>